{"C:\\temp\\Terceiros\\Identite\\src\\data\\entities\\authentication.ts": {"path":"C:\\temp\\Terceiros\\Identite\\src\\data\\entities\\authentication.ts","statementMap":{"0":{"start":{"line":10,"column":17},"end":{"line":10,"column":62}},"1":{"start":{"line":11,"column":25},"end":{"line":11,"column":60}},"2":{"start":{"line":12,"column":4},"end":{"line":12,"column":69}}},"fnMap":{"0":{"name":"(anonymous_0)","decl":{"start":{"line":7,"column":2},"end":{"line":7,"column":3}},"loc":{"start":{"line":7,"column":55},"end":{"line":7,"column":57}},"line":7},"1":{"name":"(anonymous_1)","decl":{"start":{"line":9,"column":2},"end":{"line":9,"column":3}},"loc":{"start":{"line":9,"column":73},"end":{"line":13,"column":3}},"line":9}},"branchMap":{},"s":{"0":1,"1":1,"2":1},"f":{"0":1,"1":1},"b":{},"_coverageSchema":"1a1c01bbd47fc00a2c39e90264f33305004495a9","hash":"c30dafb78be51ae40678a1ff9f38a52221179512"}
,"C:\\temp\\Terceiros\\Identite\\src\\data\\protocols\\http\\index.ts": {"path":"C:\\temp\\Terceiros\\Identite\\src\\data\\protocols\\http\\index.ts","statementMap":{},"fnMap":{},"branchMap":{},"s":{},"f":{},"b":{},"_coverageSchema":"1a1c01bbd47fc00a2c39e90264f33305004495a9","hash":"4bcf66cb0cd60e42b5d2c1bec7b65eb53e16a02c"}
,"C:\\temp\\Terceiros\\Identite\\src\\helpers\\index.ts": {"path":"C:\\temp\\Terceiros\\Identite\\src\\helpers\\index.ts","statementMap":{},"fnMap":{},"branchMap":{},"s":{},"f":{},"b":{},"_coverageSchema":"1a1c01bbd47fc00a2c39e90264f33305004495a9","hash":"25c6f82a38147ea3199ce2efbefbaaf9258a37e0"}
}
